[debug] [2021-10-23T04:12:45.886Z] ----------------------------------------------------------------------
[debug] [2021-10-23T04:12:45.893Z] Command:       C:\Program Files\nodejs\node.exe C:\Users\prem\AppData\Roaming\npm\node_modules\firebase-tools\lib\bin\firebase.js init hosting
[debug] [2021-10-23T04:12:45.894Z] CLI Version:   9.18.0
[debug] [2021-10-23T04:12:45.895Z] Platform:      win32
[debug] [2021-10-23T04:12:45.895Z] Node Version:  v12.18.4
[debug] [2021-10-23T04:12:45.898Z] Time:          Sat Oct 23 2021 09:42:45 GMT+0530 (India Standard Time)
[debug] [2021-10-23T04:12:45.899Z] ----------------------------------------------------------------------
[debug] 
[debug] [2021-10-23T04:12:46.016Z] > command requires scopes: ["email","openid","https://www.googleapis.com/auth/cloudplatformprojects.readonly","https://www.googleapis.com/auth/firebase","https://www.googleapis.com/auth/cloud-platform"]
[debug] [2021-10-23T04:12:46.016Z] > authorizing via signed-in user (suprithhattikal461@gmail.com)
[info] 
     ######## #### ########  ######## ########     ###     ######  ########
     ##        ##  ##     ## ##       ##     ##  ##   ##  ##       ##
     ######    ##  ########  ######   ########  #########  ######  ######
     ##        ##  ##    ##  ##       ##     ## ##     ##       ## ##
     ##       #### ##     ## ######## ########  ##     ##  ######  ########

You're about to initialize a Firebase project in this directory:

  D:\ReactNativeApps\bsoft

Before we get started, keep in mind:

  * You are initializing within an existing Firebase project directory

[info] 
=== Project Setup
[info] 
[info] First, let's associate this project directory with a Firebase project.
[info] You can create multiple project aliases by running firebase use --add, 
[info] but for now we'll just set up a default project.
[info] 
[info] i  .firebaserc already has a default project, using bsoft-1736f. 
[debug] [2021-10-23T04:12:49.681Z] > refreshing access token with scopes: []
[debug] [2021-10-23T04:12:49.682Z] >>> HTTP REQUEST POST https://www.googleapis.com/oauth2/v3/token  
 <request body omitted>
[debug] [2021-10-23T04:12:51.475Z] <<< HTTP RESPONSE 200 {"expires":"Mon, 01 Jan 1990 00:00:00 GMT","pragma":"no-cache","cache-control":"no-cache, no-store, max-age=0, must-revalidate","date":"Sat, 23 Oct 2021 04:12:51 GMT","content-type":"application/json; charset=utf-8","vary":"X-Origin, Referer, Origin,Accept-Encoding","server":"scaffolding on HTTPServer2","x-xss-protection":"0","x-frame-options":"SAMEORIGIN","x-content-type-options":"nosniff","alt-svc":"h3=\":443\"; ma=2592000,h3-29=\":443\"; ma=2592000,h3-Q050=\":443\"; ma=2592000,h3-Q046=\":443\"; ma=2592000,h3-Q043=\":443\"; ma=2592000","accept-ranges":"none","transfer-encoding":"chunked"}
[debug] [2021-10-23T04:12:51.503Z] >>> [apiv2][query] GET https://firebase.googleapis.com/v1beta1/projects/bsoft-1736f [none]
[debug] [2021-10-23T04:12:52.393Z] <<< [apiv2][status] GET https://firebase.googleapis.com/v1beta1/projects/bsoft-1736f 200
[debug] [2021-10-23T04:12:52.394Z] <<< [apiv2][body] GET https://firebase.googleapis.com/v1beta1/projects/bsoft-1736f {"projectId":"bsoft-1736f","projectNumber":"255152003727","displayName":"BSoft","name":"projects/bsoft-1736f","resources":{"hostingSite":"bsoft-1736f","storageBucket":"bsoft-1736f.appspot.com","locationId":"asia-southeast1"},"state":"ACTIVE"}
[info] 
=== Hosting Setup
[info] 
[info] Your public directory is the folder (relative to your project directory) that
[info] will contain Hosting assets to be uploaded with firebase deploy. If you
[info] have a build process for your assets, use your build's output directory.
[info] 
